<?xml version="1.0" encoding="UTF-8"?>
<robot generator="Robot 6.0.2 (Python 3.8.10 on linux)" generated="20230307 21:46:43.920" rpa="false" schemaversion="3">
<suite id="s1" name="Eco-testauto" source="/home/dione/Documents/Projet/ProjetDaouda/Eco-testauto">
<suite id="s1-s1" name="Tests" source="/home/dione/Documents/Projet/ProjetDaouda/Eco-testauto/tests">
<suite id="s1-s1-s1" name="PAI selfcare" source="/home/dione/Documents/Projet/ProjetDaouda/Eco-testauto/tests/PAI_selfcare.robot">
<test id="s1-s1-s1-t1" name="Création devis PAI selfcare public accord nationaux production agricole cas études personalé" line="21">
<kw name="Ouvrir le navigateur PAI selfcare public" library="selenium_utils_PAI_selfcare" type="SETUP">
<arg>${url_selfcare}</arg>
<arg>${browser}</arg>
<kw name="Open Browser" library="SeleniumLibrary">
<arg>${url_selfcare}</arg>
<arg>${browser}</arg>
<doc>Opens a new browser instance to the optional ``url``.</doc>
<msg timestamp="20230307 21:46:44.495" level="INFO">Opening browser 'Chrome' to base url 'https://qualif-www.agrica.loc/agrica-prevoyance/laccord-national-retraite-supplementaire-des-non-cadres/devisenligne'.</msg>
<msg timestamp="20230307 21:46:46.872" level="INFO" html="true">&lt;/td&gt;&lt;/tr&gt;&lt;tr&gt;&lt;td colspan="3"&gt;&lt;a href="selenium-screenshot-24.png"&gt;&lt;img src="selenium-screenshot-24.png" width="800px"&gt;&lt;/a&gt;</msg>
<msg timestamp="20230307 21:46:46.873" level="FAIL">WebDriverException: Message: unknown error: net::ERR_NAME_NOT_RESOLVED
  (Session info: chrome=110.0.5481.177)
</msg>
<status status="FAIL" starttime="20230307 21:46:44.494" endtime="20230307 21:46:46.878"/>
</kw>
<kw name="Maximize Browser Window" library="SeleniumLibrary">
<doc>Maximizes current browser window.</doc>
<status status="NOT RUN" starttime="20230307 21:46:46.880" endtime="20230307 21:46:46.881"/>
</kw>
<kw name="Log To Console" library="BuiltIn">
<arg>Exécution de test démarrée sur ${browser}</arg>
<doc>Logs the given message to the console.</doc>
<status status="NOT RUN" starttime="20230307 21:46:46.882" endtime="20230307 21:46:46.883"/>
</kw>
<status status="FAIL" starttime="20230307 21:46:44.492" endtime="20230307 21:46:46.884"/>
</kw>
<kw name="Fermer le navigateur" library="selenium_utils_PAI_selfcare" type="TEARDOWN">
<kw name="Close Browser" library="SeleniumLibrary">
<doc>Closes the current browser.</doc>
<status status="PASS" starttime="20230307 21:46:46.886" endtime="20230307 21:46:46.960"/>
</kw>
<kw name="Log To Console" library="BuiltIn">
<arg>Fin de l'exécution de test</arg>
<doc>Logs the given message to the console.</doc>
<status status="PASS" starttime="20230307 21:46:46.961" endtime="20230307 21:46:46.963"/>
</kw>
<status status="PASS" starttime="20230307 21:46:46.885" endtime="20230307 21:46:46.963"/>
</kw>
<status status="FAIL" starttime="20230307 21:46:44.490" endtime="20230307 21:46:46.964">Setup failed:
WebDriverException: Message: unknown error: net::ERR_NAME_NOT_RESOLVED
  (Session info: chrome=110.0.5481.177)
</status>
</test>
<status status="FAIL" starttime="20230307 21:46:43.982" endtime="20230307 21:46:46.967"/>
</suite>
<status status="FAIL" starttime="20230307 21:46:43.976" endtime="20230307 21:46:46.982"/>
</suite>
<status status="FAIL" starttime="20230307 21:46:43.924" endtime="20230307 21:46:46.995"/>
</suite>
<statistics>
<total>
<stat pass="0" fail="1" skip="0">All Tests</stat>
</total>
<tag>
</tag>
<suite>
<stat pass="0" fail="1" skip="0" id="s1" name="Eco-testauto">Eco-testauto</stat>
<stat pass="0" fail="1" skip="0" id="s1-s1" name="Tests">Eco-testauto.Tests</stat>
<stat pass="0" fail="1" skip="0" id="s1-s1-s1" name="PAI selfcare">Eco-testauto.Tests.PAI selfcare</stat>
</suite>
</statistics>
<errors>
</errors>
</robot>
